#
# There is insufficient memory for the Java Runtime Environment to continue.
# Native memory allocation (malloc) failed to allocate 1048576 bytes. Error detail: AllocateHeap
# Possible reasons:
#   The system is out of physical RAM or swap space
#   This process is running with CompressedOops enabled, and the Java Heap may be blocking the growth of the native heap
# Possible solutions:
#   Reduce memory load on the system
#   Increase physical memory or swap space
#   Check if swap backing store is full
#   Decrease Java heap size (-Xmx/-Xms)
#   Decrease number of Java threads
#   Decrease Java thread stack sizes (-Xss)
#   Set larger code cache with -XX:ReservedCodeCacheSize=
#   JVM is running with Unscaled Compressed Oops mode in which the Java heap is
#     placed in the first 4GB address space. The Java Heap base address is the
#     maximum limit for the native heap growth. Please use -XX:HeapBaseMinAddress
#     to set the Java Heap base and to place the Java Heap above 4GB virtual address.
# This output file may be truncated or incomplete.
#
#  Out of Memory Error (allocation.cpp:44), pid=2428, tid=12308
#
# JRE version: OpenJDK Runtime Environment (24.0.2+12) (build 24.0.2+12-54)
# Java VM: OpenJDK 64-Bit Server VM (24.0.2+12-54, mixed mode, emulated-client, sharing, tiered, compressed oops, compressed class ptrs, g1 gc, windows-amd64)
# No core dump will be written. Minidumps are not enabled by default on client versions of Windows
#

---------------  S U M M A R Y ------------

Command Line: -XX:TieredStopAtLevel=1 -Dspring.output.ansi.enabled=always -Dcom.sun.management.jmxremote -Dspring.jmx.enabled=true -Dspring.liveBeansView.mbeanDomain -Dspring.application.admin.enabled=true -Dmanagement.endpoints.jmx.exposure.include=* -javaagent:D:\IntelliJ\IntelliJ IDEA 2025.2\lib\idea_rt.jar=54214 -Dfile.encoding=UTF-8 -Dsun.stdout.encoding=UTF-8 -Dsun.stderr.encoding=UTF-8 com.tmukimi.hospital_management.HospitalManagementSystemApiApplication

Host: Intel(R) Core(TM) i5-1035G1 CPU @ 1.00GHz, 8 cores, 7G,  Windows 11 , 64 bit Build 26100 (10.0.26100.7623)
Time: Wed Feb 18 14:49:34 2026 Bangladesh Standard Time elapsed time: 3.600823 seconds (0d 0h 0m 3s)

---------------  T H R E A D  ---------------

Current thread (0x0000021d104d4c10):  JavaThread "Attach Listener" daemon [_thread_in_vm, id=12308, stack(0x00000098bf000000,0x00000098bf100000) (1024K)]

Stack: [0x00000098bf000000,0x00000098bf100000]
Native frames: (J=compiled Java code, j=interpreted, Vv=VM code, C=native code)
V  [jvm.dll+0x730829]  (no source info available)
V  [jvm.dll+0x8d9da3]  (no source info available)
V  [jvm.dll+0x8dc28d]  (no source info available)
V  [jvm.dll+0x8dc903]  (no source info available)
V  [jvm.dll+0x2a9f56]  (no source info available)
V  [jvm.dll+0xbea27]  (no source info available)
V  [jvm.dll+0x73113f]  (no source info available)
V  [jvm.dll+0x14dd46]  (no source info available)
V  [jvm.dll+0x42f396]  (no source info available)
V  [jvm.dll+0x87d9eb]  (no source info available)
V  [jvm.dll+0x72ef45]  (no source info available)
C  [ucrtbase.dll+0x37b0]  (no source info available)
C  [KERNEL32.DLL+0x2e8d7]  (no source info available)
C  [ntdll.dll+0x8c53c]  (no source info available)

Lock stack of current Java thread (top to bottom):


---------------  P R O C E S S  ---------------

Threads class SMR info:
_java_thread_list=0x0000021d56e3af90, length=15, elements={
0x0000021d7da16720, 0x0000021d104d16c0, 0x0000021d104d2930, 0x0000021d104d40e0,
0x0000021d104d4c10, 0x0000021d104d5740, 0x0000021d104d8e20, 0x0000021d104da220,
0x0000021d10c2d6f0, 0x0000021d10c6ea70, 0x0000021d10f5dd00, 0x0000021d561e69c0,
0x0000021d56c617f0, 0x0000021d56e3ba00, 0x0000021d56e55e10
}

Java Threads: ( => current thread )
  0x0000021d7da16720 JavaThread "main"                              [_thread_in_vm, id=21044, stack(0x00000098be500000,0x00000098be600000) (1024K)]
  0x0000021d104d16c0 JavaThread "Reference Handler"          daemon [_thread_blocked, id=19848, stack(0x00000098bed00000,0x00000098bee00000) (1024K)]
  0x0000021d104d2930 JavaThread "Finalizer"                  daemon [_thread_blocked, id=3760, stack(0x00000098bee00000,0x00000098bef00000) (1024K)]
  0x0000021d104d40e0 JavaThread "Signal Dispatcher"          daemon [_thread_blocked, id=18996, stack(0x00000098bef00000,0x00000098bf000000) (1024K)]
=>0x0000021d104d4c10 JavaThread "Attach Listener"            daemon [_thread_in_vm, id=12308, stack(0x00000098bf000000,0x00000098bf100000) (1024K)]
  0x0000021d104d5740 JavaThread "Service Thread"             daemon [_thread_blocked, id=4576, stack(0x00000098bf100000,0x00000098bf200000) (1024K)]
  0x0000021d104d8e20 JavaThread "Monitor Deflation Thread"   daemon [_thread_blocked, id=4840, stack(0x00000098bf200000,0x00000098bf300000) (1024K)]
  0x0000021d104da220 JavaThread "C1 CompilerThread0"         daemon [_thread_blocked, id=5216, stack(0x00000098bf300000,0x00000098bf400000) (1024K)]
  0x0000021d10c2d6f0 JavaThread "C1 CompilerThread1"         daemon [_thread_blocked, id=19164, stack(0x00000098bf400000,0x00000098bf500000) (1024K)]
  0x0000021d10c6ea70 JavaThread "Common-Cleaner"             daemon [_thread_blocked, id=21256, stack(0x00000098bf600000,0x00000098bf700000) (1024K)]
  0x0000021d10f5dd00 JavaThread "Monitor Ctrl-Break"         daemon [_thread_in_native, id=21184, stack(0x00000098bf700000,0x00000098bf800000) (1024K)]
  0x0000021d561e69c0 JavaThread "Notification Thread"        daemon [_thread_blocked, id=2392, stack(0x00000098bf800000,0x00000098bf900000) (1024K)]
  0x0000021d56c617f0 JavaThread "RMI TCP Accept-0"           daemon [_thread_in_native, id=17220, stack(0x00000098bfa00000,0x00000098bfb00000) (1024K)]
  0x0000021d56e3ba00 JavaThread "C1 CompilerThread2"         daemon [_thread_blocked, id=8472, stack(0x00000098bf500000,0x00000098bf600000) (1024K)]
  0x0000021d56e55e10 JavaThread "C1 CompilerThread3"         daemon [_thread_blocked, id=7376, stack(0x00000098bf900000,0x00000098bfa00000) (1024K)]
Total: 15

Other Threads:
  0x0000021d104c0130 VMThread "VM Thread"                           [id=6924, stack(0x00000098bec00000,0x00000098bed00000) (1024K)]
  0x0000021d104b7910 WatcherThread "VM Periodic Task Thread"        [id=14384, stack(0x00000098beb00000,0x00000098bec00000) (1024K)]
  0x0000021d7fdbcda0 WorkerThread "GC Thread#0"                     [id=14732, stack(0x00000098be600000,0x00000098be700000) (1024K)]
  0x0000021d7dacdda0 ConcurrentGCThread "G1 Main Marker"            [id=7952, stack(0x00000098be700000,0x00000098be800000) (1024K)]
  0x0000021d7dace8c0 WorkerThread "G1 Conc#0"                       [id=18976, stack(0x00000098be800000,0x00000098be900000) (1024K)]
  0x0000021d10378450 ConcurrentGCThread "G1 Refine#0"               [id=10232, stack(0x00000098be900000,0x00000098bea00000) (1024K)]
  0x0000021d7fe0e1e0 ConcurrentGCThread "G1 Service"                [id=12428, stack(0x00000098bea00000,0x00000098beb00000) (1024K)]
Total: 7

Threads with active compile tasks:
Total: 0

VM state: not at safepoint (normal execution)

VM Mutex/Monitor currently owned by a thread: None

Heap address: 0x0000000084000000, size: 1984 MB, Compressed Oops mode: 32-bit

CDS archive(s) mapped at: [0x0000021d11000000-0x0000021d11d40000-0x0000021d11d40000), size 13893632, SharedBaseAddress: 0x0000021d11000000, ArchiveRelocationMode: 1.
Compressed class space mapped at: 0x0000021d12000000-0x0000021d52000000, reserved size: 1073741824
UseCompressedClassPointers 1, UseCompactObjectHeaders 0
Narrow klass pointer bits 32, Max shift 3
Narrow klass base: 0x0000021d11000000, Narrow klass shift: 0
Encoding Range: [0x0000021d11000000 - 0x0000021e11000000), (4294967296 bytes)
Klass Range:    [0x0000021d11000000 - 0x0000021d52000000), (1090519040 bytes)
Klass ID Range:  [8 - 1090519033) (1090519025)

GC Precious Log:
 CardTable entry size: 512
 Card Set container configuration: InlinePtr #cards 5 size 8 Array Of Cards #cards 10 size 36 Howl #buckets 4 coarsen threshold 1843 Howl Bitmap #cards 512 size 80 coarsen threshold 460 Card regions per heap region 1 cards per card region 2048
 CPUs: 8 total, 8 available
 Memory: 7930M
 Large Page Support: Disabled
 NUMA Support: Disabled
 Compressed Oops: Enabled (32-bit)
 Heap Region Size: 1M
 Heap Min Capacity: 8M
 Heap Initial Capacity: 124M
 Heap Max Capacity: 1984M
 Pre-touch: Disabled
 Parallel Workers: 8
 Concurrent Workers: 2
 Concurrent Refinement Workers: 8
 Periodic GC: Disabled

Heap:
 garbage-first heap   total reserved 2031616K, committed 129024K, used 32880K [0x0000000084000000, 0x0000000100000000)
  region size 1024K, 30 young (30720K), 0 survivors (0K)
 Metaspace       used 8012K, committed 8128K, reserved 1114112K
  class space    used 788K, committed 832K, reserved 1048576K

Heap Regions: E=young(eden), S=young(survivor), O=old, HS=humongous(starts), HC=humongous(continues), CS=collection set, F=free, TAMS=top-at-mark-start, PB=parsable bottom
|   0|0x0000000084000000, 0x0000000084100000, 0x0000000084100000|100%|HS|  |TAMS 0x0000000084000000| PB 0x0000000084000000| Complete |  0
|   1|0x0000000084100000, 0x0000000084200000, 0x0000000084200000|100%|HS|  |TAMS 0x0000000084100000| PB 0x0000000084100000| Complete |  0
|   2|0x0000000084200000, 0x0000000084200000, 0x0000000084300000|  0%| F|  |TAMS 0x0000000084200000| PB 0x0000000084200000| Untracked |  0
|   3|0x0000000084300000, 0x0000000084300000, 0x0000000084400000|  0%| F|  |TAMS 0x0000000084300000| PB 0x0000000084300000| Untracked |  0
|   4|0x0000000084400000, 0x0000000084400000, 0x0000000084500000|  0%| F|  |TAMS 0x0000000084400000| PB 0x0000000084400000| Untracked |  0
|   5|0x0000000084500000, 0x0000000084500000, 0x0000000084600000|  0%| F|  |TAMS 0x0000000084500000| PB 0x0000000084500000| Untracked |  0
|   6|0x0000000084600000, 0x0000000084600000, 0x0000000084700000|  0%| F|  |TAMS 0x0000000084600000| PB 0x0000000084600000| Untracked |  0
|   7|0x0000000084700000, 0x0000000084700000, 0x0000000084800000|  0%| F|  |TAMS 0x0000000084700000| PB 0x0000000084700000| Untracked |  0
|   8|0x0000000084800000, 0x0000000084800000, 0x0000000084900000|  0%| F|  |TAMS 0x0000000084800000| PB 0x0000000084800000| Untracked |  0
|   9|0x0000000084900000, 0x0000000084900000, 0x0000000084a00000|  0%| F|  |TAMS 0x0000000084900000| PB 0x0000000084900000| Untracked |  0
|  10|0x0000000084a00000, 0x0000000084a00000, 0x0000000084b00000|  0%| F|  |TAMS 0x0000000084a00000| PB 0x0000000084a00000| Untracked |  0
|  11|0x0000000084b00000, 0x0000000084b00000, 0x0000000084c00000|  0%| F|  |TAMS 0x0000000084b00000| PB 0x0000000084b00000| Untracked |  0
|  12|0x0000000084c00000, 0x0000000084c00000, 0x0000000084d00000|  0%| F|  |TAMS 0x0000000084c00000| PB 0x0000000084c00000| Untracked |  0
|  13|0x0000000084d00000, 0x0000000084d00000, 0x0000000084e00000|  0%| F|  |TAMS 0x0000000084d00000| PB 0x0000000084d00000| Untracked |  0
|  14|0x0000000084e00000, 0x0000000084e00000, 0x0000000084f00000|  0%| F|  |TAMS 0x0000000084e00000| PB 0x0000000084e00000| Untracked |  0
|  15|0x0000000084f00000, 0x0000000084f00000, 0x0000000085000000|  0%| F|  |TAMS 0x0000000084f00000| PB 0x0000000084f00000| Untracked |  0
|  16|0x0000000085000000, 0x0000000085000000, 0x0000000085100000|  0%| F|  |TAMS 0x0000000085000000| PB 0x0000000085000000| Untracked |  0
|  17|0x0000000085100000, 0x0000000085100000, 0x0000000085200000|  0%| F|  |TAMS 0x0000000085100000| PB 0x0000000085100000| Untracked |  0
|  18|0x0000000085200000, 0x0000000085200000, 0x0000000085300000|  0%| F|  |TAMS 0x0000000085200000| PB 0x0000000085200000| Untracked |  0
|  19|0x0000000085300000, 0x0000000085300000, 0x0000000085400000|  0%| F|  |TAMS 0x0000000085300000| PB 0x0000000085300000| Untracked |  0
|  20|0x0000000085400000, 0x0000000085400000, 0x0000000085500000|  0%| F|  |TAMS 0x0000000085400000| PB 0x0000000085400000| Untracked |  0
|  21|0x0000000085500000, 0x0000000085500000, 0x0000000085600000|  0%| F|  |TAMS 0x0000000085500000| PB 0x0000000085500000| Untracked |  0
|  22|0x0000000085600000, 0x0000000085600000, 0x0000000085700000|  0%| F|  |TAMS 0x0000000085600000| PB 0x0000000085600000| Untracked |  0
|  23|0x0000000085700000, 0x0000000085700000, 0x0000000085800000|  0%| F|  |TAMS 0x0000000085700000| PB 0x0000000085700000| Untracked |  0
|  24|0x0000000085800000, 0x0000000085800000, 0x0000000085900000|  0%| F|  |TAMS 0x0000000085800000| PB 0x0000000085800000| Untracked |  0
|  25|0x0000000085900000, 0x0000000085900000, 0x0000000085a00000|  0%| F|  |TAMS 0x0000000085900000| PB 0x0000000085900000| Untracked |  0
|  26|0x0000000085a00000, 0x0000000085a00000, 0x0000000085b00000|  0%| F|  |TAMS 0x0000000085a00000| PB 0x0000000085a00000| Untracked |  0
|  27|0x0000000085b00000, 0x0000000085b00000, 0x0000000085c00000|  0%| F|  |TAMS 0x0000000085b00000| PB 0x0000000085b00000| Untracked |  0
|  28|0x0000000085c00000, 0x0000000085c00000, 0x0000000085d00000|  0%| F|  |TAMS 0x0000000085c00000| PB 0x0000000085c00000| Untracked |  0
|  29|0x0000000085d00000, 0x0000000085d00000, 0x0000000085e00000|  0%| F|  |TAMS 0x0000000085d00000| PB 0x0000000085d00000| Untracked |  0
|  30|0x0000000085e00000, 0x0000000085e00000, 0x0000000085f00000|  0%| F|  |TAMS 0x0000000085e00000| PB 0x0000000085e00000| Untracked |  0
|  31|0x0000000085f00000, 0x0000000085f00000, 0x0000000086000000|  0%| F|  |TAMS 0x0000000085f00000| PB 0x0000000085f00000| Untracked |  0
|  32|0x0000000086000000, 0x0000000086000000, 0x0000000086100000|  0%| F|  |TAMS 0x0000000086000000| PB 0x0000000086000000| Untracked |  0
|  33|0x0000000086100000, 0x0000000086100000, 0x0000000086200000|  0%| F|  |TAMS 0x0000000086100000| PB 0x0000000086100000| Untracked |  0
|  34|0x0000000086200000, 0x0000000086200000, 0x0000000086300000|  0%| F|  |TAMS 0x0000000086200000| PB 0x0000000086200000| Untracked |  0
|  35|0x0000000086300000, 0x0000000086300000, 0x0000000086400000|  0%| F|  |TAMS 0x0000000086300000| PB 0x0000000086300000| Untracked |  0
|  36|0x0000000086400000, 0x0000000086400000, 0x0000000086500000|  0%| F|  |TAMS 0x0000000086400000| PB 0x0000000086400000| Untracked |  0
|  37|0x0000000086500000, 0x0000000086500000, 0x0000000086600000|  0%| F|  |TAMS 0x0000000086500000| PB 0x0000000086500000| Untracked |  0
|  38|0x0000000086600000, 0x0000000086600000, 0x0000000086700000|  0%| F|  |TAMS 0x0000000086600000| PB 0x0000000086600000| Untracked |  0
|  39|0x0000000086700000, 0x0000000086700000, 0x0000000086800000|  0%| F|  |TAMS 0x0000000086700000| PB 0x0000000086700000| Untracked |  0
|  40|0x0000000086800000, 0x0000000086800000, 0x0000000086900000|  0%| F|  |TAMS 0x0000000086800000| PB 0x0000000086800000| Untracked |  0
|  41|0x0000000086900000, 0x0000000086900000, 0x0000000086a00000|  0%| F|  |TAMS 0x0000000086900000| PB 0x0000000086900000| Untracked |  0
|  42|0x0000000086a00000, 0x0000000086a00000, 0x0000000086b00000|  0%| F|  |TAMS 0x0000000086a00000| PB 0x0000000086a00000| Untracked |  0
|  43|0x0000000086b00000, 0x0000000086b00000, 0x0000000086c00000|  0%| F|  |TAMS 0x0000000086b00000| PB 0x0000000086b00000| Untracked |  0
|  44|0x0000000086c00000, 0x0000000086c00000, 0x0000000086d00000|  0%| F|  |TAMS 0x0000000086c00000| PB 0x0000000086c00000| Untracked |  0
|  45|0x0000000086d00000, 0x0000000086d00000, 0x0000000086e00000|  0%| F|  |TAMS 0x0000000086d00000| PB 0x0000000086d00000| Untracked |  0
|  46|0x0000000086e00000, 0x0000000086e00000, 0x0000000086f00000|  0%| F|  |TAMS 0x0000000086e00000| PB 0x0000000086e00000| Untracked |  0
|  47|0x0000000086f00000, 0x0000000086f00000, 0x0000000087000000|  0%| F|  |TAMS 0x0000000086f00000| PB 0x0000000086f00000| Untracked |  0
|  48|0x0000000087000000, 0x0000000087000000, 0x0000000087100000|  0%| F|  |TAMS 0x0000000087000000| PB 0x0000000087000000| Untracked |  0
|  49|0x0000000087100000, 0x0000000087100000, 0x0000000087200000|  0%| F|  |TAMS 0x0000000087100000| PB 0x0000000087100000| Untracked |  0
|  50|0x0000000087200000, 0x0000000087200000, 0x0000000087300000|  0%| F|  |TAMS 0x0000000087200000| PB 0x0000000087200000| Untracked |  0
|  51|0x0000000087300000, 0x0000000087300000, 0x0000000087400000|  0%| F|  |TAMS 0x0000000087300000| PB 0x0000000087300000| Untracked |  0
|  52|0x0000000087400000, 0x0000000087400000, 0x0000000087500000|  0%| F|  |TAMS 0x0000000087400000| PB 0x0000000087400000| Untracked |  0
|  53|0x0000000087500000, 0x0000000087500000, 0x0000000087600000|  0%| F|  |TAMS 0x0000000087500000| PB 0x0000000087500000| Untracked |  0
|  54|0x0000000087600000, 0x0000000087600000, 0x0000000087700000|  0%| F|  |TAMS 0x0000000087600000| PB 0x0000000087600000| Untracked |  0
|  55|0x0000000087700000, 0x0000000087700000, 0x0000000087800000|  0%| F|  |TAMS 0x0000000087700000| PB 0x0000000087700000| Untracked |  0
|  56|0x0000000087800000, 0x0000000087800000, 0x0000000087900000|  0%| F|  |TAMS 0x0000000087800000| PB 0x0000000087800000| Untracked |  0
|  57|0x0000000087900000, 0x0000000087900000, 0x0000000087a00000|  0%| F|  |TAMS 0x0000000087900000| PB 0x0000000087900000| Untracked |  0
|  58|0x0000000087a00000, 0x0000000087a00000, 0x0000000087b00000|  0%| F|  |TAMS 0x0000000087a00000| PB 0x0000000087a00000| Untracked |  0
|  59|0x0000000087b00000, 0x0000000087b00000, 0x0000000087c00000|  0%| F|  |TAMS 0x0000000087b00000| PB 0x0000000087b00000| Untracked |  0
|  60|0x0000000087c00000, 0x0000000087c00000, 0x0000000087d00000|  0%| F|  |TAMS 0x0000000087c00000| PB 0x0000000087c00000| Untracked |  0
|  61|0x0000000087d00000, 0x0000000087d00000, 0x0000000087e00000|  0%| F|  |TAMS 0x0000000087d00000| PB 0x0000000087d00000| Untracked |  0
|  62|0x0000000087e00000, 0x0000000087e00000, 0x0000000087f00000|  0%| F|  |TAMS 0x0000000087e00000| PB 0x0000000087e00000| Untracked |  0
|  63|0x0000000087f00000, 0x0000000087f00000, 0x0000000088000000|  0%| F|  |TAMS 0x0000000087f00000| PB 0x0000000087f00000| Untracked |  0
|  64|0x0000000088000000, 0x0000000088000000, 0x0000000088100000|  0%| F|  |TAMS 0x0000000088000000| PB 0x0000000088000000| Untracked |  0
|  65|0x0000000088100000, 0x0000000088100000, 0x0000000088200000|  0%| F|  |TAMS 0x0000000088100000| PB 0x0000000088100000| Untracked |  0
|  66|0x0000000088200000, 0x0000000088200000, 0x0000000088300000|  0%| F|  |TAMS 0x0000000088200000| PB 0x0000000088200000| Untracked |  0
|  67|0x0000000088300000, 0x0000000088300000, 0x0000000088400000|  0%| F|  |TAMS 0x0000000088300000| PB 0x0000000088300000| Untracked |  0
|  68|0x0000000088400000, 0x0000000088400000, 0x0000000088500000|  0%| F|  |TAMS 0x0000000088400000| PB 0x0000000088400000| Untracked |  0
|  69|0x0000000088500000, 0x0000000088500000, 0x0000000088600000|  0%| F|  |TAMS 0x0000000088500000| PB 0x0000000088500000| Untracked |  0
|  70|0x0000000088600000, 0x0000000088600000, 0x0000000088700000|  0%| F|  |TAMS 0x0000000088600000| PB 0x0000000088600000| Untracked |  0
|  71|0x0000000088700000, 0x0000000088700000, 0x0000000088800000|  0%| F|  |TAMS 0x0000000088700000| PB 0x0000000088700000| Untracked |  0
|  72|0x0000000088800000, 0x0000000088800000, 0x0000000088900000|  0%| F|  |TAMS 0x0000000088800000| PB 0x0000000088800000| Untracked |  0
|  73|0x0000000088900000, 0x0000000088900000, 0x0000000088a00000|  0%| F|  |TAMS 0x0000000088900000| PB 0x0000000088900000| Untracked |  0
|  74|0x0000000088a00000, 0x0000000088a00000, 0x0000000088b00000|  0%| F|  |TAMS 0x0000000088a00000| PB 0x0000000088a00000| Untracked |  0
|  75|0x0000000088b00000, 0x0000000088b00000, 0x0000000088c00000|  0%| F|  |TAMS 0x0000000088b00000| PB 0x0000000088b00000| Untracked |  0
|  76|0x0000000088c00000, 0x0000000088c00000, 0x0000000088d00000|  0%| F|  |TAMS 0x0000000088c00000| PB 0x0000000088c00000| Untracked |  0
|  77|0x0000000088d00000, 0x0000000088d00000, 0x0000000088e00000|  0%| F|  |TAMS 0x0000000088d00000| PB 0x0000000088d00000| Untracked |  0
|  78|0x0000000088e00000, 0x0000000088e00000, 0x0000000088f00000|  0%| F|  |TAMS 0x0000000088e00000| PB 0x0000000088e00000| Untracked |  0
|  79|0x0000000088f00000, 0x0000000088f00000, 0x0000000089000000|  0%| F|  |TAMS 0x0000000088f00000| PB 0x0000000088f00000| Untracked |  0
|  80|0x0000000089000000, 0x0000000089000000, 0x0000000089100000|  0%| F|  |TAMS 0x0000000089000000| PB 0x0000000089000000| Untracked |  0
|  81|0x0000000089100000, 0x0000000089100000, 0x0000000089200000|  0%| F|  |TAMS 0x0000000089100000| PB 0x0000000089100000| Untracked |  0
|  82|0x0000000089200000, 0x0000000089200000, 0x0000000089300000|  0%| F|  |TAMS 0x0000000089200000| PB 0x0000000089200000| Untracked |  0
|  83|0x0000000089300000, 0x0000000089300000, 0x0000000089400000|  0%| F|  |TAMS 0x0000000089300000| PB 0x0000000089300000| Untracked |  0
|  84|0x0000000089400000, 0x0000000089400000, 0x0000000089500000|  0%| F|  |TAMS 0x0000000089400000| PB 0x0000000089400000| Untracked |  0
|  85|0x0000000089500000, 0x0000000089500000, 0x0000000089600000|  0%| F|  |TAMS 0x0000000089500000| PB 0x0000000089500000| Untracked |  0
|  86|0x0000000089600000, 0x0000000089600000, 0x0000000089700000|  0%| F|  |TAMS 0x0000000089600000| PB 0x0000000089600000| Untracked |  0
|  87|0x0000000089700000, 0x0000000089700000, 0x0000000089800000|  0%| F|  |TAMS 0x0000000089700000| PB 0x0000000089700000| Untracked |  0
|  88|0x0000000089800000, 0x0000000089800000, 0x0000000089900000|  0%| F|  |TAMS 0x0000000089800000| PB 0x0000000089800000| Untracked |  0
|  89|0x0000000089900000, 0x0000000089900000, 0x0000000089a00000|  0%| F|  |TAMS 0x0000000089900000| PB 0x0000000089900000| Untracked |  0
|  90|0x0000000089a00000, 0x0000000089a00000, 0x0000000089b00000|  0%| F|  |TAMS 0x0000000089a00000| PB 0x0000000089a00000| Untracked |  0
|  91|0x0000000089b00000, 0x0000000089b00000, 0x0000000089c00000|  0%| F|  |TAMS 0x0000000089b00000| PB 0x0000000089b00000| Untracked |  0
|  92|0x0000000089c00000, 0x0000000089c00000, 0x0000000089d00000|  0%| F|  |TAMS 0x0000000089c00000| PB 0x0000000089c00000| Untracked |  0
|  93|0x0000000089d00000, 0x0000000089d00000, 0x0000000089e00000|  0%| F|  |TAMS 0x0000000089d00000| PB 0x0000000089d00000| Untracked |  0
|  94|0x0000000089e00000, 0x0000000089f00000, 0x0000000089f00000|100%| E|  |TAMS 0x0000000089e00000| PB 0x0000000089e00000| Complete |  0
|  95|0x0000000089f00000, 0x000000008a000000, 0x000000008a000000|100%| E|CS|TAMS 0x0000000089f00000| PB 0x0000000089f00000| Complete |  0
|  96|0x000000008a000000, 0x000000008a100000, 0x000000008a100000|100%| E|CS|TAMS 0x000000008a000000| PB 0x000000008a000000| Complete |  0
|  97|0x000000008a100000, 0x000000008a200000, 0x000000008a200000|100%| E|CS|TAMS 0x000000008a100000| PB 0x000000008a100000| Complete |  0
|  98|0x000000008a200000, 0x000000008a300000, 0x000000008a300000|100%| E|CS|TAMS 0x000000008a200000| PB 0x000000008a200000| Complete |  0
|  99|0x000000008a300000, 0x000000008a400000, 0x000000008a400000|100%| E|CS|TAMS 0x000000008a300000| PB 0x000000008a300000| Complete |  0
| 100|0x000000008a400000, 0x000000008a500000, 0x000000008a500000|100%| E|CS|TAMS 0x000000008a400000| PB 0x000000008a400000| Complete |  0
| 101|0x000000008a500000, 0x000000008a600000, 0x000000008a600000|100%| E|CS|TAMS 0x000000008a500000| PB 0x000000008a500000| Complete |  0
| 102|0x000000008a600000, 0x000000008a700000, 0x000000008a700000|100%| E|CS|TAMS 0x000000008a600000| PB 0x000000008a600000| Complete |  0
| 103|0x000000008a700000, 0x000000008a800000, 0x000000008a800000|100%| E|CS|TAMS 0x000000008a700000| PB 0x000000008a700000| Complete |  0
| 104|0x000000008a800000, 0x000000008a900000, 0x000000008a900000|100%| E|CS|TAMS 0x000000008a800000| PB 0x000000008a800000| Complete |  0
| 105|0x000000008a900000, 0x000000008aa00000, 0x000000008aa00000|100%| E|CS|TAMS 0x000000008a900000| PB 0x000000008a900000| Complete |  0
| 106|0x000000008aa00000, 0x000000008ab00000, 0x000000008ab00000|100%| E|CS|TAMS 0x000000008aa00000| PB 0x000000008aa00000| Complete |  0
| 107|0x000000008ab00000, 0x000000008ac00000, 0x000000008ac00000|100%| E|CS|TAMS 0x000000008ab00000| PB 0x000000008ab00000| Complete |  0
| 108|0x000000008ac00000, 0x000000008ad00000, 0x000000008ad00000|100%| E|CS|TAMS 0x000000008ac00000| PB 0x000000008ac00000| Complete |  0
| 109|0x000000008ad00000, 0x000000008ae00000, 0x000000008ae00000|100%| E|CS|TAMS 0x000000008ad00000| PB 0x000000008ad00000| Complete |  0
| 110|0x000000008ae00000, 0x000000008af00000, 0x000000008af00000|100%| E|CS|TAMS 0x000000008ae00000| PB 0x000000008ae00000| Complete |  0
| 111|0x000000008af00000, 0x000000008b000000, 0x000000008b000000|100%| E|CS|TAMS 0x000000008af00000| PB 0x000000008af00000| Complete |  0
| 112|0x000000008b000000, 0x000000008b100000, 0x000000008b100000|100%| E|CS|TAMS 0x000000008b000000| PB 0x000000008b000000| Complete |  0
| 113|0x000000008b100000, 0x000000008b200000, 0x000000008b200000|100%| E|CS|TAMS 0x000000008b100000| PB 0x000000008b100000| Complete |  0
| 114|0x000000008b200000, 0x000000008b300000, 0x000000008b300000|100%| E|CS|TAMS 0x000000008b200000| PB 0x000000008b200000| Complete |  0
| 115|0x000000008b300000, 0x000000008b400000, 0x000000008b400000|100%| E|CS|TAMS 0x000000008b300000| PB 0x000000008b300000| Complete |  0
| 116|0x000000008b400000, 0x000000008b500000, 0x000000008b500000|100%| E|CS|TAMS 0x000000008b400000| PB 0x000000008b400000| Complete |  0
| 117|0x000000008b500000, 0x000000008b600000, 0x000000008b600000|100%| E|CS|TAMS 0x000000008b500000| PB 0x000000008b500000| Complete |  0
| 118|0x000000008b600000, 0x000000008b700000, 0x000000008b700000|100%| E|CS|TAMS 0x000000008b600000| PB 0x000000008b600000| Complete |  0
| 119|0x000000008b700000, 0x000000008b800000, 0x000000008b800000|100%| E|CS|TAMS 0x000000008b700000| PB 0x000000008b700000| Complete |  0
| 120|0x000000008b800000, 0x000000008b900000, 0x000000008b900000|100%| E|CS|TAMS 0x000000008b800000| PB 0x000000008b800000| Complete |  0
| 121|0x000000008b900000, 0x000000008ba00000, 0x000000008ba00000|100%| E|CS|TAMS 0x000000008b900000| PB 0x000000008b900000| Complete |  0
| 122|0x000000008ba00000, 0x000000008bb00000, 0x000000008bb00000|100%| E|CS|TAMS 0x000000008ba00000| PB 0x000000008ba00000| Complete |  0
| 123|0x000000008bb00000, 0x000000008bc00000, 0x000000008bc00000|100%| E|CS|TAMS 0x000000008bb00000| PB 0x000000008bb00000| Complete |  0
|1982|0x00000000ffe00000, 0x00000000fff00000, 0x00000000fff00000|100%| O|  |TAMS 0x00000000ffe00000| PB 0x00000000ffe00000| Untracked |  0
|1983|0x00000000fff00000, 0x00000000fff1c330, 0x0000000100000000| 11%| O|  |TAMS 0x00000000fff00000| PB 0x00000000fff00000| Untracked |  0

Card table byte_map: [0x0000021d0bde0000,0x0000021d0c1c0000] _byte_map_base: 0x0000021d0b9c0000

Marking Bits: (CMBitMap*) 0x0000021d7fdbd3c0
 Bits: [0x0000021d0c1c0000, 0x0000021d0e0c0000)

Polling page: 0x0000021d7dbd0000

Metaspace:

Usage:
  Non-class:      7.05 MB used.
      Class:    788.67 KB used.
       Both:      7.82 MB used.

Virtual space:
  Non-class space:       64.00 MB reserved,       7.12 MB ( 11%) committed,  1 nodes.
      Class space:        1.00 GB reserved,     832.00 KB ( <1%) committed,  1 nodes.
             Both:        1.06 GB reserved,       7.94 MB ( <1%) committed. 

Chunk freelists:
   Non-Class:  8.64 MB
       Class:  15.01 MB
        Both:  23.65 MB

MaxMetaspaceSize: unlimited
CompressedClassSpaceSize: 1.00 GB
Initial GC threshold: 21.00 MB
Current GC threshold: 21.00 MB
CDS: on
 - commit_granule_bytes: 65536.
 - commit_granule_words: 8192.
 - virtual_space_node_default_size: 8388608.
 - enlarge_chunks_in_place: 1.
UseCompressedClassPointers 1, UseCompactObjectHeaders 0
Narrow klass pointer bits 32, Max shift 3
Narrow klass base: 0x0000021d11000000, Narrow klass shift: 0
Encoding Range: [0x0000021d11000000 - 0x0000021e11000000), (4294967296 bytes)
Klass Range:    [0x0000021d11000000 - 0x0000021d52000000), (1090519040 bytes)
Klass ID Range:  [8 - 1090519033) (1090519025)


Internal statistics:

num_allocs_failed_limit: 0.
num_arena_births: 120.
num_arena_deaths: 0.
num_vsnodes_births: 2.
num_vsnodes_deaths: 0.
num_space_committed: 127.
num_space_uncommitted: 0.
num_chunks_returned_to_freelist: 0.
num_chunks_taken_from_freelist: 269.
num_chunk_merges: 0.
num_chunk_splits: 169.
num_chunks_enlarged: 102.
num_inconsistent_stats: 0.

CodeCache: size=49152Kb used=4826Kb max_used=4826Kb free=44325Kb
 bounds [0x0000021d087e0000, 0x0000021d08d10000, 0x0000021d0b7e0000]
 total_blobs=2093, nmethods=1619, adapters=397, full_count=0
Compilation: enabled, stopped_count=0, restarted_count=0

Compilation events (20 events):
Event: 2.582 Thread 0x0000021d104da220 1540   !   1       sun.nio.fs.WindowsFileAttributes::toFileTime (47 bytes)
Event: 2.582 Thread 0x0000021d10c2d6f0 1541       1       java.lang.Math::multiplyExact (74 bytes)
Event: 2.582 Thread 0x0000021d567a24d0 1539       1       sun.nio.fs.WindowsFileAttributes::lastModifiedTime (8 bytes)
Event: 2.582 Thread 0x0000021d567a24d0 nmethod 1539 0x0000021d08c7c788 code [0x0000021d08c7c8a0, 0x0000021d08c7c988]
Event: 2.582 Thread 0x0000021d567a24d0 1542       1       java.io.WinNTFileSystem::normalizePrefix (132 bytes)
Event: 2.582 Thread 0x0000021d10c2d6f0 nmethod 1541 0x0000021d08c7ca88 code [0x0000021d08c7cba0, 0x0000021d08c7ce18]
Event: 2.582 Thread 0x0000021d104da220 nmethod 1540 0x0000021d08c7ce88 code [0x0000021d08c7cfe0, 0x0000021d08c7d4b0]
Event: 2.583 Thread 0x0000021d104da220 1543       1       org.springframework.util.StringUtils::deleteAny (90 bytes)
Event: 2.583 Thread 0x0000021d567a24d0 nmethod 1542 0x0000021d08c7d508 code [0x0000021d08c7d6a0, 0x0000021d08c7de58]
Event: 2.584 Thread 0x0000021d104da220 nmethod 1543 0x0000021d08c7df08 code [0x0000021d08c7e080, 0x0000021d08c7e5d8]
Event: 2.585 Thread 0x0000021d104da220 1544       1       java.util.Spliterators$ArraySpliterator::characteristics (5 bytes)
Event: 2.585 Thread 0x0000021d104da220 nmethod 1544 0x0000021d08c7e688 code [0x0000021d08c7e780, 0x0000021d08c7e848]
Event: 2.586 Thread 0x0000021d104da220 1545       1       java.util.HashSet::add (20 bytes)
Event: 2.586 Thread 0x0000021d567a24d0 1546       1       java.util.stream.StreamOpFlag::isKnown (19 bytes)
Event: 2.586 Thread 0x0000021d104da220 nmethod 1545 0x0000021d08c7e988 code [0x0000021d08c7eaa0, 0x0000021d08c7ebb0]
Event: 2.586 Thread 0x0000021d567a24d0 nmethod 1546 0x0000021d08c7ec88 code [0x0000021d08c7ed80, 0x0000021d08c7ee60]
Event: 2.593 Thread 0x0000021d104da220 1547       1       java.lang.ref.ReferenceQueue::<init> (21 bytes)
Event: 2.593 Thread 0x0000021d567a24d0 1548       1       java.lang.ref.ReferenceQueue$Lock::<init> (5 bytes)
Event: 2.593 Thread 0x0000021d567a24d0 nmethod 1548 0x0000021d08c7ef88 code [0x0000021d08c7f080, 0x0000021d08c7f140]
Event: 2.593 Thread 0x0000021d104da220 nmethod 1547 0x0000021d08c7f288 code [0x0000021d08c7f3a0, 0x0000021d08c7f510]

GC Heap History (0 events):
No events

Dll operation events (10 events):
Event: 0.025 Loaded shared library C:\Users\ASUS\.jdks\openjdk-24.0.2\bin\java.dll
Event: 0.621 Loaded shared library C:\Users\ASUS\.jdks\openjdk-24.0.2\bin\zip.dll
Event: 0.627 Loaded shared library C:\Users\ASUS\.jdks\openjdk-24.0.2\bin\instrument.dll
Event: 0.641 Loaded shared library C:\Users\ASUS\.jdks\openjdk-24.0.2\bin\net.dll
Event: 0.647 Loaded shared library C:\Users\ASUS\.jdks\openjdk-24.0.2\bin\nio.dll
Event: 0.663 Loaded shared library C:\Users\ASUS\.jdks\openjdk-24.0.2\bin\zip.dll
Event: 1.260 Loaded shared library C:\Users\ASUS\.jdks\openjdk-24.0.2\bin\jimage.dll
Event: 1.274 Loaded shared library C:\Users\ASUS\.jdks\openjdk-24.0.2\bin\extnet.dll
Event: 1.388 Loaded shared library C:\Users\ASUS\.jdks\openjdk-24.0.2\bin\management.dll
Event: 1.430 Loaded shared library C:\Users\ASUS\.jdks\openjdk-24.0.2\bin\management_ext.dll

Deoptimization events (0 events):
No events

Classes loaded (20 events):
Event: 2.535 Loading class java/util/concurrent/TimeoutException
Event: 2.535 Loading class java/util/concurrent/TimeoutException done
Event: 2.567 Loading class java/io/FileNotFoundException
Event: 2.567 Loading class java/io/FileNotFoundException done
Event: 2.567 Loading class java/net/URISyntaxException
Event: 2.567 Loading class java/net/URISyntaxException done
Event: 2.567 Loading class java/io/UncheckedIOException
Event: 2.567 Loading class java/io/UncheckedIOException done
Event: 2.569 Loading class java/net/HttpURLConnection
Event: 2.570 Loading class java/net/HttpURLConnection done
Event: 2.572 Loading class java/net/URLDecoder
Event: 2.572 Loading class java/net/URLDecoder done
Event: 2.593 Loading class java/util/IdentityHashMap$EntrySet
Event: 2.594 Loading class java/util/IdentityHashMap$EntrySet done
Event: 2.594 Loading class java/util/IdentityHashMap$EntryIterator
Event: 2.594 Loading class java/util/IdentityHashMap$EntryIterator done
Event: 2.594 Loading class java/util/IdentityHashMap$EntryIterator$Entry
Event: 2.595 Loading class java/util/IdentityHashMap$EntryIterator$Entry done
Event: 2.595 Loading class java/util/IdentityHashMap$ValueIterator
Event: 2.595 Loading class java/util/IdentityHashMap$ValueIterator done

Classes unloaded (0 events):
No events

Classes redefined (0 events):
No events

Internal exceptions (20 events):
Event: 1.447 Thread 0x0000021d7da16720 Exception <a 'java/lang/IncompatibleClassChangeError'{0x000000008b20b648}: Found class java.lang.Object, but interface was expected> (0x000000008b20b648) 
thrown [s\open\src\hotspot\share\interpreter\linkResolver.cpp, line 872]
Event: 1.532 Thread 0x0000021d7da16720 Exception <a 'java/lang/NoSuchMethodError'{0x000000008b2afb90}: 'void java.lang.invoke.DirectMethodHandle$Holder.invokeSpecial(java.lang.Object, java.lang.Object, java.lang.Object)'> (0x000000008b2afb90) 
thrown [s\open\src\hotspot\share\interpreter\linkResolver.cpp, line 805]
Event: 1.557 Thread 0x0000021d7da16720 Exception <a 'java/lang/NoSuchMethodError'{0x000000008b115570}: 'int java.lang.invoke.DirectMethodHandle$Holder.invokeSpecial(java.lang.Object, java.lang.Object, java.lang.Object)'> (0x000000008b115570) 
thrown [s\open\src\hotspot\share\interpreter\linkResolver.cpp, line 805]
Event: 1.619 Thread 0x0000021d7da16720 Exception <a 'java/lang/NoSuchMethodError'{0x000000008af10db0}: 'java.lang.Object java.lang.invoke.DirectMethodHandle$Holder.invokeStaticInit(java.lang.Object, java.lang.Object, java.lang.Object)'> (0x000000008af10db0) 
thrown [s\open\src\hotspot\share\interpreter\linkResolver.cpp, line 805]
Event: 1.753 Thread 0x0000021d104d4c10 Exception <a 'java/lang/NoSuchMethodError'{0x000000008acf9368}: 'java.lang.Object java.lang.invoke.DirectMethodHandle$Holder.newInvokeSpecial(java.lang.Object, java.lang.Object, java.lang.Object, int)'> (0x000000008acf9368) 
thrown [s\open\src\hotspot\share\interpreter\linkResolver.cpp, line 805]
Event: 1.755 Thread 0x0000021d104d4c10 Exception <a 'java/lang/NoSuchMethodError'{0x000000008ab82030}: 'java.lang.Object java.lang.invoke.Invokers$Holder.linkToTargetMethod(java.lang.Object, java.lang.Object, int, java.lang.Object)'> (0x000000008ab82030) 
thrown [s\open\src\hotspot\share\interpreter\linkResolver.cpp, line 805]
Event: 1.770 Thread 0x0000021d104d4c10 Exception <a 'java/lang/NoSuchMethodError'{0x000000008abbc7e8}: 'long java.lang.invoke.DirectMethodHandle$Holder.invokeSpecial(java.lang.Object, java.lang.Object)'> (0x000000008abbc7e8) 
thrown [s\open\src\hotspot\share\interpreter\linkResolver.cpp, line 805]
Event: 1.864 Thread 0x0000021d7da16720 Exception <a 'java/lang/NoSuchMethodError'{0x000000008a936cc0}: 'int java.lang.invoke.DirectMethodHandle$Holder.invokeSpecialIFC(java.lang.Object, java.lang.Object, java.lang.Object)'> (0x000000008a936cc0) 
thrown [s\open\src\hotspot\share\interpreter\linkResolver.cpp, line 805]
Event: 2.035 Thread 0x0000021d7da16720 Exception <a 'java/lang/NoSuchMethodError'{0x000000008a9c9810}: 'java.lang.Object java.lang.invoke.DirectMethodHandle$Holder.invokeStaticInit(java.lang.Object, int, int, int, int)'> (0x000000008a9c9810) 
thrown [s\open\src\hotspot\share\interpreter\linkResolver.cpp, line 805]
Event: 2.084 Thread 0x0000021d7da16720 Exception <a 'java/lang/NoSuchMethodError'{0x000000008a81ade0}: 'java.lang.Object java.lang.invoke.DirectMethodHandle$Holder.invokeStaticInit(java.lang.Object, java.lang.Object, int, int, int, int)'> (0x000000008a81ade0) 
thrown [s\open\src\hotspot\share\interpreter\linkResolver.cpp, line 805]
Event: 2.116 Thread 0x0000021d7da16720 Exception <a 'java/lang/ClassNotFoundException'{0x000000008a831ee0}: javax/management/remote/rmi/RMIServerImpl_Skel> (0x000000008a831ee0) 
thrown [s\open\src\hotspot\share\classfile\systemDictionary.cpp, line 327]
Event: 2.133 Thread 0x0000021d7da16720 Exception <a 'java/lang/NoSuchMethodError'{0x000000008a843758}: 'long java.lang.invoke.Invokers$Holder.invokeExact_MT(java.lang.Object, java.lang.Object)'> (0x000000008a843758) 
thrown [s\open\src\hotspot\share\interpreter\linkResolver.cpp, line 805]
Event: 2.320 Thread 0x0000021d7da16720 Exception <a 'java/lang/NoSuchMethodError'{0x000000008a6a18c0}: 'void java.lang.invoke.DirectMethodHandle$Holder.invokeStatic(java.lang.Object, java.lang.Object, java.lang.Object, java.lang.Object)'> (0x000000008a6a18c0) 
thrown [s\open\src\hotspot\share\interpreter\linkResolver.cpp, line 805]
Event: 2.360 Thread 0x0000021d7da16720 Exception <a 'java/lang/NoSuchMethodError'{0x000000008a515fc0}: 'int java.lang.invoke.DirectMethodHandle$Holder.invokeStatic(java.lang.Object)'> (0x000000008a515fc0) 
thrown [s\open\src\hotspot\share\interpreter\linkResolver.cpp, line 805]
Event: 2.360 Thread 0x0000021d7da16720 Exception <a 'java/lang/NoSuchMethodError'{0x000000008a51dc78}: 'int java.lang.invoke.DirectMethodHandle$Holder.invokeStaticInit(java.lang.Object)'> (0x000000008a51dc78) 
thrown [s\open\src\hotspot\share\interpreter\linkResolver.cpp, line 805]
Event: 2.384 Thread 0x0000021d7da16720 Exception <a 'java/lang/NoSuchMethodError'{0x000000008a57efc0}: 'java.lang.Object java.lang.invoke.DirectMethodHandle$Holder.invokeStatic(java.lang.Object, int, java.lang.Object)'> (0x000000008a57efc0) 
thrown [s\open\src\hotspot\share\interpreter\linkResolver.cpp, line 805]
Event: 2.391 Thread 0x0000021d7da16720 Exception <a 'java/lang/NoSuchMethodError'{0x000000008a590a90}: 'java.lang.Object java.lang.invoke.DirectMethodHandle$Holder.invokeInterface(java.lang.Object, java.lang.Object)'> (0x000000008a590a90) 
thrown [s\open\src\hotspot\share\interpreter\linkResolver.cpp, line 805]
Event: 2.433 Thread 0x0000021d7da16720 Exception <a 'java/lang/NoSuchMethodError'{0x000000008a413c88}: 'void java.lang.invoke.DirectMethodHandle$Holder.invokeStaticInit(java.lang.Object, java.lang.Object, java.lang.Object, java.lang.Object)'> (0x000000008a413c88) 
thrown [s\open\src\hotspot\share\interpreter\linkResolver.cpp, line 805]
Event: 2.504 Thread 0x0000021d7da16720 Exception <a 'java/lang/NoSuchMethodError'{0x000000008a315428}: 'java.lang.Object java.lang.invoke.DelegatingMethodHandle$Holder.reinvoke_L(java.lang.Object, java.lang.Object, java.lang.Object, long, java.lang.Object)'> (0x000000008a315428) 
thrown [s\open\src\hotspot\share\interpreter\linkResolver.cpp, line 805]
Event: 2.504 Thread 0x0000021d7da16720 Exception <a 'java/lang/NoSuchMethodError'{0x000000008a325a20}: 'java.lang.Object java.lang.invoke.Invokers$Holder.linkToTargetMethod(java.lang.Object, long, java.lang.Object, java.lang.Object)'> (0x000000008a325a20) 
thrown [s\open\src\hotspot\share\interpreter\linkResolver.cpp, line 805]

VM Operations (20 events):
Event: 0.602 Executing VM operation: HandshakeAllThreads (Deoptimize)
Event: 0.602 Executing VM operation: HandshakeAllThreads (Deoptimize) done
Event: 1.469 Executing VM operation: HandshakeAllThreads (Deoptimize)
Event: 1.470 Executing VM operation: HandshakeAllThreads (Deoptimize) done
Event: 1.729 Executing VM operation: HandshakeAllThreads (Deoptimize)
Event: 1.730 Executing VM operation: HandshakeAllThreads (Deoptimize) done
Event: 1.768 Executing VM operation: HandshakeAllThreads (Deoptimize)
Event: 1.768 Executing VM operation: HandshakeAllThreads (Deoptimize) done
Event: 1.956 Executing VM operation: HandshakeAllThreads (Deoptimize)
Event: 1.957 Executing VM operation: HandshakeAllThreads (Deoptimize) done
Event: 2.112 Executing VM operation: HandshakeAllThreads (Deoptimize)
Event: 2.112 Executing VM operation: HandshakeAllThreads (Deoptimize) done
Event: 2.143 Executing VM operation: HandshakeAllThreads (Deoptimize)
Event: 2.143 Executing VM operation: HandshakeAllThreads (Deoptimize) done
Event: 2.309 Executing VM operation: HandshakeAllThreads (Deoptimize)
Event: 2.309 Executing VM operation: HandshakeAllThreads (Deoptimize) done
Event: 2.402 Executing VM operation: HandshakeAllThreads (Deoptimize)
Event: 2.403 Executing VM operation: HandshakeAllThreads (Deoptimize) done
Event: 2.460 Executing VM operation: HandshakeAllThreads (Deoptimize)
Event: 2.460 Executing VM operation: HandshakeAllThreads (Deoptimize) done

Memory protections (0 events):
No events

Nmethod flushes (0 events):
No events

Events (15 events):
Event: 0.182 Thread 0x0000021d7da16720 Thread added: 0x0000021d7da16720
Event: 0.206 Thread 0x0000021d7da16720 Thread added: 0x0000021d104d16c0
Event: 0.207 Thread 0x0000021d7da16720 Thread added: 0x0000021d104d2930
Event: 0.208 Thread 0x0000021d7da16720 Thread added: 0x0000021d104d40e0
Event: 0.208 Thread 0x0000021d7da16720 Thread added: 0x0000021d104d4c10
Event: 0.208 Thread 0x0000021d7da16720 Thread added: 0x0000021d104d5740
Event: 0.208 Thread 0x0000021d7da16720 Thread added: 0x0000021d104d8e20
Event: 0.208 Thread 0x0000021d7da16720 Thread added: 0x0000021d104da220
Event: 0.602 Thread 0x0000021d104da220 Thread added: 0x0000021d10c2d6f0
Event: 0.602 Thread 0x0000021d10c2d6f0 Thread added: 0x0000021d10c321b0
Event: 0.634 Thread 0x0000021d7da16720 Thread added: 0x0000021d10c6ea70
Event: 1.250 Thread 0x0000021d7da16720 Thread added: 0x0000021d10f5dd00
Event: 1.250 Thread 0x0000021d7da16720 Thread added: 0x0000021d561e69c0
Event: 1.681 Thread 0x0000021d10c321b0 Thread added: 0x0000021d567a24d0
Event: 2.126 Thread 0x0000021d7da16720 Thread added: 0x0000021d56c617f0


Dynamic libraries:
0x00007ff609ba0000 - 0x00007ff609bae000 	C:\Users\ASUS\.jdks\openjdk-24.0.2\bin\java.exe
0x00007ffc0e920000 - 0x00007ffc0eb87000 	C:\WINDOWS\SYSTEM32\ntdll.dll
0x00007ffc0cd00000 - 0x00007ffc0cdc9000 	C:\WINDOWS\System32\KERNEL32.DLL
0x00007ffc0bd30000 - 0x00007ffc0c11f000 	C:\WINDOWS\System32\KERNELBASE.dll
0x00007ffc0ba70000 - 0x00007ffc0bbbb000 	C:\WINDOWS\System32\ucrtbase.dll
0x00007ffbfb980000 - 0x00007ffbfb996000 	C:\Users\ASUS\.jdks\openjdk-24.0.2\bin\jli.dll
0x00007ffbfb960000 - 0x00007ffbfb97b000 	C:\Users\ASUS\.jdks\openjdk-24.0.2\bin\VCRUNTIME140.dll
0x00007ffc0c880000 - 0x00007ffc0ca45000 	C:\WINDOWS\System32\USER32.dll
0x00007ffbf8780000 - 0x00007ffbf8a13000 	C:\WINDOWS\WinSxS\amd64_microsoft.windows.common-controls_6595b64144ccf1df_6.0.26100.7309_none_3e05feeae336a044\COMCTL32.dll
0x00007ffc0c690000 - 0x00007ffc0c6b7000 	C:\WINDOWS\System32\win32u.dll
0x00007ffc0c7d0000 - 0x00007ffc0c879000 	C:\WINDOWS\System32\msvcrt.dll
0x00007ffc0ced0000 - 0x00007ffc0cefb000 	C:\WINDOWS\System32\GDI32.dll
0x00007ffc0c4a0000 - 0x00007ffc0c5cc000 	C:\WINDOWS\System32\gdi32full.dll
0x00007ffc0c130000 - 0x00007ffc0c1d3000 	C:\WINDOWS\System32\msvcp_win.dll
0x00007ffc0ce90000 - 0x00007ffc0cec1000 	C:\WINDOWS\System32\IMM32.DLL
0x00007ffc062c0000 - 0x00007ffc062cc000 	C:\Users\ASUS\.jdks\openjdk-24.0.2\bin\vcruntime140_1.dll
0x00007ffbe6c80000 - 0x00007ffbe6d0e000 	C:\Users\ASUS\.jdks\openjdk-24.0.2\bin\msvcp140.dll
0x00007ffbbcd00000 - 0x00007ffbbdaa1000 	C:\Users\ASUS\.jdks\openjdk-24.0.2\bin\server\jvm.dll
0x00007ffc0e1b0000 - 0x00007ffc0e264000 	C:\WINDOWS\System32\ADVAPI32.dll
0x00007ffc0d410000 - 0x00007ffc0d4b6000 	C:\WINDOWS\System32\sechost.dll
0x00007ffc0e080000 - 0x00007ffc0e198000 	C:\WINDOWS\System32\RPCRT4.dll
0x00007ffc0df10000 - 0x00007ffc0df84000 	C:\WINDOWS\System32\WS2_32.dll
0x00007ffc05130000 - 0x00007ffc0513b000 	C:\WINDOWS\SYSTEM32\VERSION.dll
0x00007ffc0b8f0000 - 0x00007ffc0b94e000 	C:\WINDOWS\SYSTEM32\POWRPROF.dll
0x00007ffbfad30000 - 0x00007ffbfad65000 	C:\WINDOWS\SYSTEM32\WINMM.dll
0x00007ffc0b8d0000 - 0x00007ffc0b8e4000 	C:\WINDOWS\SYSTEM32\UMPDC.dll
0x00007ffc0a800000 - 0x00007ffc0a81b000 	C:\WINDOWS\SYSTEM32\kernel.appcore.dll
0x00007ffc02110000 - 0x00007ffc0211a000 	C:\Users\ASUS\.jdks\openjdk-24.0.2\bin\jimage.dll
0x00007ffc090b0000 - 0x00007ffc092f2000 	C:\WINDOWS\SYSTEM32\DBGHELP.DLL
0x00007ffc0e2e0000 - 0x00007ffc0e666000 	C:\WINDOWS\System32\combase.dll
0x00007ffc0df90000 - 0x00007ffc0e066000 	C:\WINDOWS\System32\OLEAUT32.dll
0x00007ffbf64e0000 - 0x00007ffbf651c000 	C:\WINDOWS\SYSTEM32\dbgcore.DLL
0x00007ffc0c360000 - 0x00007ffc0c405000 	C:\WINDOWS\System32\bcryptPrimitives.dll
0x00007ffbf9350000 - 0x00007ffbf935f000 	C:\Users\ASUS\.jdks\openjdk-24.0.2\bin\instrument.dll
0x00007ffbfb940000 - 0x00007ffbfb95e000 	C:\Users\ASUS\.jdks\openjdk-24.0.2\bin\java.dll
0x00007ffc0ca50000 - 0x00007ffc0cbe7000 	C:\WINDOWS\System32\ole32.dll
0x00007ffc0d720000 - 0x00007ffc0de73000 	C:\WINDOWS\System32\SHELL32.dll
0x00007ffc0bbc0000 - 0x00007ffc0bd2a000 	C:\WINDOWS\System32\wintypes.dll
0x00007ffc09650000 - 0x00007ffc09eae000 	C:\WINDOWS\SYSTEM32\windows.storage.dll
0x00007ffc0e7e0000 - 0x00007ffc0e8d5000 	C:\WINDOWS\System32\SHCORE.dll
0x00007ffc0cc10000 - 0x00007ffc0cc76000 	C:\WINDOWS\System32\shlwapi.dll
0x00007ffc0b990000 - 0x00007ffc0b9b9000 	C:\WINDOWS\SYSTEM32\profapi.dll
0x00007ffbf81c0000 - 0x00007ffbf81d7000 	C:\Users\ASUS\.jdks\openjdk-24.0.2\bin\zip.dll
0x00007ffc01b60000 - 0x00007ffc01b70000 	C:\Users\ASUS\.jdks\openjdk-24.0.2\bin\net.dll
0x00007ffc0ad90000 - 0x00007ffc0adfb000 	C:\WINDOWS\system32\mswsock.dll
0x00007ffbf8ce0000 - 0x00007ffbf8cf6000 	C:\Users\ASUS\.jdks\openjdk-24.0.2\bin\nio.dll
0x00007ffbf8110000 - 0x00007ffbf8119000 	C:\Users\ASUS\.jdks\openjdk-24.0.2\bin\extnet.dll
0x00007ffc0a2d0000 - 0x00007ffc0a3fc000 	C:\WINDOWS\SYSTEM32\DNSAPI.dll
0x00007ffc0a1e0000 - 0x00007ffc0a214000 	C:\WINDOWS\SYSTEM32\IPHLPAPI.DLL
0x00007ffc0e070000 - 0x00007ffc0e07a000 	C:\WINDOWS\System32\NSI.dll
0x00007ffbfda30000 - 0x00007ffbfda3b000 	C:\Windows\System32\rasadhlp.dll
0x00007ffbfe2a0000 - 0x00007ffbfe326000 	C:\WINDOWS\System32\fwpuclnt.dll
0x00007ffbf8100000 - 0x00007ffbf810a000 	C:\Users\ASUS\.jdks\openjdk-24.0.2\bin\management.dll
0x00007ffbf80a0000 - 0x00007ffbf80ab000 	C:\Users\ASUS\.jdks\openjdk-24.0.2\bin\management_ext.dll
0x00007ffc0e2d0000 - 0x00007ffc0e2d8000 	C:\WINDOWS\System32\PSAPI.DLL
0x00007ffc0b050000 - 0x00007ffc0b06b000 	C:\WINDOWS\SYSTEM32\CRYPTSP.dll
0x00007ffc0a750000 - 0x00007ffc0a78a000 	C:\WINDOWS\system32\rsaenh.dll
0x00007ffc0ae40000 - 0x00007ffc0ae6b000 	C:\WINDOWS\SYSTEM32\USERENV.dll
0x00007ffc0b960000 - 0x00007ffc0b98a000 	C:\WINDOWS\SYSTEM32\bcrypt.dll
0x00007ffc0b070000 - 0x00007ffc0b07c000 	C:\WINDOWS\SYSTEM32\CRYPTBASE.dll
0x00007ffbf5370000 - 0x00007ffbf5388000 	C:\WINDOWS\system32\napinsp.dll
0x00007ffbf5250000 - 0x00007ffbf5262000 	C:\WINDOWS\System32\winrnr.dll
0x00007ffbf5200000 - 0x00007ffbf5222000 	C:\WINDOWS\system32\nlansp_c.dll
0x00007ffbf51e0000 - 0x00007ffbf51f6000 	C:\WINDOWS\system32\wshbth.dll

JVMTI agents:
D:\IntelliJ\IntelliJ IDEA 2025.2\lib\idea_rt.jar path:C:\Users\ASUS\.jdks\openjdk-24.0.2\bin\instrument.dll, loaded, initialized, instrumentlib options:54214

dbghelp: loaded successfully - version: 4.0.5 - missing functions: none
symbol engine: initialized successfully - sym options: 0x614 - pdb path: .;C:\Users\ASUS\.jdks\openjdk-24.0.2\bin;C:\WINDOWS\SYSTEM32;C:\WINDOWS\WinSxS\amd64_microsoft.windows.common-controls_6595b64144ccf1df_6.0.26100.7309_none_3e05feeae336a044;C:\Users\ASUS\.jdks\openjdk-24.0.2\bin\server

VM Arguments:
jvm_args: -XX:TieredStopAtLevel=1 -Dspring.output.ansi.enabled=always -Dcom.sun.management.jmxremote -Dspring.jmx.enabled=true -Dspring.liveBeansView.mbeanDomain -Dspring.application.admin.enabled=true -Dmanagement.endpoints.jmx.exposure.include=* -javaagent:D:\IntelliJ\IntelliJ IDEA 2025.2\lib\idea_rt.jar=54214 -Dfile.encoding=UTF-8 -Dsun.stdout.encoding=UTF-8 -Dsun.stderr.encoding=UTF-8 
java_command: com.tmukimi.hospital_management.HospitalManagementSystemApiApplication
java_class_path (initial): D:\Spring Boot Project\hospital-management\hospital-management\target\classes;C:\Users\ASUS\.m2\repository\org\springframework\boot\spring-boot-starter-data-jpa\4.0.2\spring-boot-starter-data-jpa-4.0.2.jar;C:\Users\ASUS\.m2\repository\org\springframework\boot\spring-boot-starter\4.0.2\spring-boot-starter-4.0.2.jar;C:\Users\ASUS\.m2\repository\org\springframework\boot\spring-boot-starter-logging\4.0.2\spring-boot-starter-logging-4.0.2.jar;C:\Users\ASUS\.m2\repository\ch\qos\logback\logback-classic\1.5.25\logback-classic-1.5.25.jar;C:\Users\ASUS\.m2\repository\ch\qos\logback\logback-core\1.5.25\logback-core-1.5.25.jar;C:\Users\ASUS\.m2\repository\org\apache\logging\log4j\log4j-to-slf4j\2.25.3\log4j-to-slf4j-2.25.3.jar;C:\Users\ASUS\.m2\repository\org\apache\logging\log4j\log4j-api\2.25.3\log4j-api-2.25.3.jar;C:\Users\ASUS\.m2\repository\org\slf4j\jul-to-slf4j\2.0.17\jul-to-slf4j-2.0.17.jar;C:\Users\ASUS\.m2\repository\org\springframework\boot\spring-boot-autoconfigure\4.0.2\spring-boot-autoconfigure-4.0.2.jar;C:\Users\ASUS\.m2\repository\jakarta\annotation\jakarta.annotation-api\3.0.0\jakarta.annotation-api-3.0.0.jar;C:\Users\ASUS\.m2\repository\org\yaml\snakeyaml\2.5\snakeyaml-2.5.jar;C:\Users\ASUS\.m2\repository\org\springframework\boot\spring-boot-starter-jdbc\4.0.2\spring-boot-starter-jdbc-4.0.2.jar;C:\Users\ASUS\.m2\repository\com\zaxxer\HikariCP\7.0.2\HikariCP-7.0.2.jar;C:\Users\ASUS\.m2\repository\org\springframework\boot\spring-boot-data-jpa\4.0.2\spring-boot-data-jpa-4.0.2.jar;C:\Users\ASUS\.m2\repository\org\springframework\boot\spring-boot-data-commons\4.0.2\spring-boot-data-commons-4.0.2.jar;C:\Users\ASUS\.m2\repository\org\springframework\boot\spring-boot-persistence\4.0.2\spring-boot-persistence-4.0.2.jar;C:\Users\ASUS\.m2\repository\org\springframework\data\spring-data-commons\4.0.2\spring-data-commons-4.0.2.jar;C:\Users\ASUS\.m2\repository\org\springframework\boot\spring-boot-hibernate\4.0.2\spring-boot-hibernate-4.0.2.jar;C:\Users\ASUS\.m2\repository\org\springframework\boot\spring-boot-jpa\4.0.2\spring-boot-jpa-4.0.2.jar;C:\Users\ASUS\.m2\repository\jakarta\persistence\jakarta.persistence-api\3.2.0\jakarta.persistence-api-3.2.0.jar;C:\Users\ASUS\.m2\repository\org\hibernate\orm\hibernate-core\7.2.1.Final\hibernate-core-7.2.1.Final.jar;C:\Users\ASUS\.m2\repository\jakarta\transaction\jakarta.transaction-api\2.0.1\jakarta.transaction-api-2.0.1.jar;C:\Users\ASUS\.m2\repository\org\hibernate\models\hibernate-models\1.0.1\hibernate-models-1.0.1.jar;C:\Users\ASUS\.m2\repository\org\glassfish\jaxb\jaxb-runtime\4.0.6\jaxb-runtime-4.0.6.jar;C:\Users\ASUS\.m2\repository\org\glassfish\jaxb\jaxb-core\4.0.6\jaxb-core-4.0.6.jar;C:\Users\ASUS\.m2\repository\org\glassfish\jaxb\txw2\4.0.6\txw2-4.0.6.jar;C:\Users\ASUS\.m2\repository\com\sun\istack\istack-commons-runtime\4.1.2\istack-commons-runtime-4.1.2.jar;C:\Users\ASUS\.m2\repository\jakarta\inject\jakarta.inject-api\2.0.1\jakarta.inject-api-2.0.1.jar;C:\Users\ASUS\.m2\repository\org\springframework\spring-orm\7.0.3\spring-orm-7.0.3.jar;C:\Users\ASUS\.m2\repository\org\springframework\data\spring-data-jpa\4.0.2\spring-data-jpa-4.0.2.jar;C:\Users\ASUS\.m2\repository\org\springframework\spring-context\7.0.3\spring-context-7.0.3.jar;C:\Users\ASUS\.m2\repository\org\springframework\spring-tx\7.0.3\spring-tx-7.0.3.jar;C:\Users\ASUS\.m2\repository\org\antlr\antlr4-runtime\4.13.2\antlr4-runtime-4.13.2.jar;C:\Users\ASUS\.m2\repository\org\springframework\spring-aspects\7.0.3\spring-aspects-7.0.3.jar;C:\Users\ASUS\.m2\repository\org\aspectj\aspectjweaver\1.9.25.1\aspectjweaver-1.9.25.1.jar;C:\Users\ASUS\.m2\repository\org\springframework\boot\spring-boot-jdbc\4.0.2\spring-boot-jdbc-4.0.2.jar;C:\Users\ASUS\.m2\repository\org\springframework\boot\spring-boot\4.0.2\spring-boot-4.0.2.jar;C:\Users\ASUS\.m2\repository\org\springframework\boot\spring-boot-sql\4.0.2\spring-boot-sql-4.0.2.jar;C:\Users\ASUS\.m2\repository\org\springframework\boot\spring-boot-transaction\4.0.2\spring-boot-transaction-4.0.2.jar;C:\Users\ASUS\.m2\repository\org\springframework\spring-jdbc\7.0.3\spring-jdbc-7.0.3.jar;C:\Users\ASUS\.m2\repository\org\springframework\boot\spring-boot-starter-mail\4.0.2\spring-boot-starter-mail-4.0.2.jar;C:\Users\ASUS\.m2\repository\org\springframework\boot\spring-boot-mail\4.0.2\spring-boot-mail-4.0.2.jar;C:\Users\ASUS\.m2\repository\org\springframework\spring-context-support\7.0.3\spring-context-support-7.0.3.jar;C:\Users\ASUS\.m2\repository\jakarta\mail\jakarta.mail-api\2.1.5\jakarta.mail-api-2.1.5.jar;C:\Users\ASUS\.m2\repository\jakarta\activation\jakarta.activation-api\2.1.4\jakarta.activation-api-2.1.4.jar;C:\Users\ASUS\.m2\repository\org\eclipse\angus\angus-mail\2.0.5\angus-mail-2.0.5.jar;C:\Users\ASUS\.m2\repository\org\eclipse\angus\angus-activation\2.0.3\angus-activation-2.0.3.jar;C:\Users\ASUS\.m2\repository\org\springframework\boot\spring-boot-starter-security\4.0.2\spring-boot-starter-security-4.0.2.jar;C:\Users\ASUS\.m2\repository\org\springframework\boot\spring-boot-security\4.0.2\spring-boot-security-4.0.2.jar;C:\Users\ASUS\.m2\repository\org\springframework\security\spring-security-config\7.0.2\spring-security-config-7.0.2.jar;C:\Users\ASUS\.m2\repository\org\springframework\security\spring-security-core\7.0.2\spring-security-core-7.0.2.jar;C:\Users\ASUS\.m2\repository\org\springframework\security\spring-security-crypto\7.0.2\spring-security-crypto-7.0.2.jar;C:\Users\ASUS\.m2\repository\org\springframework\security\spring-security-web\7.0.2\spring-security-web-7.0.2.jar;C:\Users\ASUS\.m2\repository\org\springframework\spring-expression\7.0.3\spring-expression-7.0.3.jar;C:\Users\ASUS\.m2\repository\org\springframework\spring-aop\7.0.3\spring-aop-7.0.3.jar;C:\Users\ASUS\.m2\repository\org\springframework\spring-beans\7.0.3\spring-beans-7.0.3.jar;C:\Users\ASUS\.m2\repository\org\springframework\spring-core\7.0.3\spring-core-7.0.3.jar;C:\Users\ASUS\.m2\repository\commons-logging\commons-logging\1.3.5\commons-logging-1.3.5.jar;C:\Users\ASUS\.m2\repository\org\jspecify\jspecify\1.0.0\jspecify-1.0.0.jar;C:\Users\ASUS\.m2\repository\io\jsonwebtoken\jjwt-api\0.11.5\jjwt-api-0.11.5.jar;C:\Users\ASUS\.m2\repository\io\jsonwebtoken\jjwt-impl\0.11.5\jjwt-impl-0.11.5.jar;C:\Users\ASUS\.m2\repository\io\jsonwebtoken\jjwt-jackson\0.11.5\jjwt-jackson-0.11.5.jar;C:\Users\ASUS\.m2\repository\com\fasterxml\jackson\core\jackson-databind\2.20.2\jackson-databind-2.20.2.jar;C:\Users\ASUS\.m2\repository\com\fasterxml\jackson\core\jackson-annotations\2.20\jackson-annotations-2.20.jar;C:\Users\ASUS\.m2\repository\com\fasterxml\jackson\core\jackson-core\2.20.2\jackson-core-2.20.2.jar;C:\Users\ASUS\.m2\repository\org\springframework\boot\spring-boot-starter-thymeleaf\4.0.2\spring-boot-starter-thymeleaf-4.0.2.jar;C:\Users\ASUS\.m2\repository\org\springframework\boot\spring-boot-thymeleaf\4.0.2\spring-boot-thymeleaf-4.0.2.jar;C:\Users\ASUS\.m2\repository\org\springframework\spring-web\7.0.3\spring-web-7.0.3.jar;C:\Users\ASUS\.m2\repository\io\micrometer\micrometer-observation\1.16.2\micrometer-observation-1.16.2.jar;C:\Users\ASUS\.m2\repository\io\micrometer\micrometer-commons\1.16.2\micrometer-commons-1.16.2.jar;C:\Users\ASUS\.m2\repository\org\springframework\boot\spring-boot-starter-validation\4.0.2\spring-boot-starter-validation-4.0.2.jar;C:\Users\ASUS\.m2\repository\org\springframework\boot\spring-boot-validation\4.0.2\spring-boot-validation-4.0.2.jar;C:\Users\ASUS\.m2\repository\org\apache\tomcat\embed\tomcat-embed-el\11.0.15\tomcat-embed-el-11.0.15.jar;C:\Users\ASUS\.m2\repository\org\hibernate\validator\hibernate-validator\9.0.1.Final\hibernate-validator-9.0.1.Final.jar;C:\Users\ASUS\.m2\repository\jakarta\validation\jakarta.validation-api\3.1.1\jakarta.validation-api-3.1.1.jar;C:\Users\ASUS\.m2\repository\org\jboss\logging\jboss-logging\3.6.1.Final\jboss-logging-3.6.1.Final.jar;C:\Users\ASUS\.m2\repository\com\fasterxml\classmate\1.7.3\classmate-1.7.3.jar;C:\Users\ASUS\.m2\repository\org\springframework\boot\spring-boot-starter-web\4.0.2\spring-boot-starter-web-4.0.2.jar;C:\Users\ASUS\.m2\repository\org\springframework\boot\spring-boot-starter-jackson\4.0.2\spring-boot-starter-jackson-4.0.2.jar;C:\Users\ASUS\.m2\repository\org\springframework\boot\spring-boot-jackson\4.0.2\spring-boot-jackson-4.0.2.jar;C:\Users\ASUS\.m2\repository\tools\jackson\core\jackson-databind\3.0.4\jackson-databind-3.0.4.jar;C:\Users\ASUS\.m2\repository\tools\jackson\core\jackson-core\3.0.4\jackson-core-3.0.4.jar;C:\Users\ASUS\.m2\repository\org\springframework\boot\spring-boot-starter-tomcat\4.0.2\spring-boot-starter-tomcat-4.0.2.jar;C:\Users\ASUS\.m2\repository\org\springframework\boot\spring-boot-starter-tomcat-runtime\4.0.2\spring-boot-starter-tomcat-runtime-4.0.2.jar;C:\Users\ASUS\.m2\repository\org\apache\tomcat\embed\tomcat-embed-core\11.0.15\tomcat-embed-core-11.0.15.jar;C:\Users\ASUS\.m2\repository\org\apache\tomcat\embed\tomcat-embed-websocket\11.0.15\tomcat-embed-websocket-11.0.15.jar;C:\Users\ASUS\.m2\repository\org\springframework\boot\spring-boot-tomcat\4.0.2\spring-boot-tomcat-4.0.2.jar;C:\Users\ASUS\.m2\repository\org\springframework\boot\spring-boot-http-converter\4.0.2\spring-boot-http-converter-4.0.2.jar;C:\Users\ASUS\.m2\repository\org\springframework\boot\spring-boot-webmvc\4.0.2\spring-boot-webmvc-4.0.2.jar;C:\Users\ASUS\.m2\repository\org\springframework\boot\spring-boot-servlet\4.0.2\spring-boot-servlet-4.0.2.jar;C:\Users\ASUS\.m2\repository\org\springframework\spring-webmvc\7.0.3\spring-webmvc-7.0.3.jar;C:\Users\ASUS\.m2\repository\org\thymeleaf\extras\thymeleaf-extras-springsecurity6\3.1.3.RELEASE\thymeleaf-extras-springsecurity6-3.1.3.RELEASE.jar;C:\Users\ASUS\.m2\repository\org\thymeleaf\thymeleaf-spring6\3.1.3.RELEASE\thymeleaf-spring6-3.1.3.RELEASE.jar;C:\Users\ASUS\.m2\repository\org\thymeleaf\thymeleaf\3.1.3.RELEASE\thymeleaf-3.1.3.RELEASE.jar;C:\Users\ASUS\.m2\repository\org\attoparser\attoparser\2.0.7.RELEASE\attoparser-2.0.7.RELEASE.jar;C:\Users\ASUS\.m2\repository\org\unbescape\unbescape\1.1.6.RELEASE\unbescape-1.1.6.RELEASE.jar;C:\Users\ASUS\.m2\repository\org\slf4j\slf4j-api\2.0.17\slf4j-api-2.0.17.jar;C:\Users\ASUS\.m2\repository\com\mysql\mysql-connector-j\9.5.0\mysql-connector-j-9.5.0.jar;C:\Users\ASUS\.m2\repository\org\projectlombok\lombok\1.18.42\lombok-1.18.42.jar;C:\Users\ASUS\.m2\repository\jakarta\xml\bind\jakarta.xml.bind-api\4.0.4\jakarta.xml.bind-api-4.0.4.jar;C:\Users\ASUS\.m2\repository\net\bytebuddy\byte-buddy\1.17.8\byte-buddy-1.17.8.jar;C:\Users\ASUS\.m2\repository\org\springframework\boot\spring-boot-web-server\4.0.2\spring-boot-web-server-4.0.2.jar;C:\Users\ASUS\.m2\repository\org\springframework\boot\spring-boot-starter-flyway\4.0.2\spring-boot-starter-flyway-4.0.2.jar;C:\Users\ASUS\.m2\repository\org\springframework\boot\spring-boot-flyway\4.0.2\spring-boot-flyway-4.0.2.jar;C:\Users\ASUS\.m2\repository\org\flywaydb\flyway-mysql\11.14.1\flyway-mysql-11.14.1.jar;C:\Users\ASUS\.m2\repository\org\flywaydb\flyway-core\11.14.1\flyway-core-11.14.1.jar
Launcher Type: SUN_STANDARD

[Global flags]
     intx CICompilerCount                          = 4                                         {product} {ergonomic}
     uint ConcGCThreads                            = 2                                         {product} {ergonomic}
     uint G1ConcRefinementThreads                  = 8                                         {product} {ergonomic}
   size_t G1HeapRegionSize                         = 1048576                                   {product} {ergonomic}
   size_t InitialHeapSize                          = 130023424                                 {product} {ergonomic}
     bool ManagementServer                         = true                                      {product} {command line}
   size_t MarkStackSize                            = 4194304                                   {product} {ergonomic}
   size_t MarkStackSizeMax                         = 536870912                                 {product} {ergonomic}
   size_t MaxHeapSize                              = 2080374784                                {product} {ergonomic}
   size_t MaxNewSize                               = 1247805440                                {product} {ergonomic}
   size_t MinHeapDeltaBytes                        = 1048576                                   {product} {ergonomic}
   size_t MinHeapSize                              = 8388608                                   {product} {ergonomic}
    uintx NonNMethodCodeHeapSize                   = 4096                                   {pd product} {ergonomic}
    uintx NonProfiledCodeHeapSize                  = 0                                      {pd product} {ergonomic}
     bool ProfileInterpreter                       = false                                  {pd product} {command line}
    uintx ProfiledCodeHeapSize                     = 0                                      {pd product} {ergonomic}
   size_t SoftMaxHeapSize                          = 2080374784                             {manageable} {ergonomic}
     intx TieredStopAtLevel                        = 1                                         {product} {command line}
     bool UseCompressedOops                        = true                           {product lp64_product} {ergonomic}
     bool UseG1GC                                  = true                                      {product} {ergonomic}
     bool UseLargePagesIndividualAllocation        = false                                  {pd product} {ergonomic}

Logging:
Log output configuration:
 #0: stdout all=warning uptime,level,tags foldmultilines=false
 #1: stderr all=off uptime,level,tags foldmultilines=false

Environment Variables:
JAVA_HOME=C:\Users\ASUS\AppData\Local\Programs\Eclipse Adoptium\jdk-17.0.6.10-hotspot\
PATH=C:\Python314\Scripts\;C:\Python314\;D:\Java JDK\jdk-24.0.2\bin;C:\Program Files\Common Files\Oracle\Java\javapath;C:\WINDOWS\system32;C:\WINDOWS;C:\WINDOWS\System32\Wbem;C:\WINDOWS\System32\WindowsPowerShell\v1.0\;C:\WINDOWS\System32\OpenSSH\;C:\MinGW\bin;C:\Program Files\Java\jdk-19\bin;C:\Program Files\MATLAB\MATLAB Runtime\v95\runtime\win64;D:\Program files\matlab\runtime\win64;D:\Program files\matlab\bin;C:\Program Files\Git\cmd;C:\Program Files (x86)\Microsoft SQL Server\160\Tools\Binn\;C:\Program Files\Microsoft SQL Server\160\Tools\Binn\;C:\Program Files\Microsoft SQL Server\Client SDK\ODBC\170\Tools\Binn\;C:\Program Files\Microsoft SQL Server\160\DTS\Binn\;C:\Program Files\Microsoft SQL Server\170\DTS\Binn\;D:\PostgreSql\bin;D:\Nodejs\;C:\ProgramData\chocolatey\bin;D:\Python\Scripts\;D:\Python\;C:\Users\ASUS\AppData\Local\Programs\Python\Launcher\;D:\stripe;C:\Users\ASUS\AppData\Local\Programs\Microsoft VS Code\bin;C:\Users\ASUS\AppData\Roaming\npm
USERNAME=ASUS
OS=Windows_NT
PROCESSOR_IDENTIFIER=Intel64 Family 6 Model 126 Stepping 5, GenuineIntel
TMP=C:\Users\ASUS\AppData\Local\Temp
TEMP=C:\Users\ASUS\AppData\Local\Temp




Periodic native trim disabled

---------------  S Y S T E M  ---------------

OS:
 Windows 11 , 64 bit Build 26100 (10.0.26100.7623)
OS uptime: 17 days 6:57 hours
Hyper-V role detected

CPU: total 8 (initial active 8) (4 cores per cpu, 2 threads per core) family 6 model 126 stepping 5 microcode 0xa6, cx8, cmov, fxsr, ht, mmx, 3dnowpref, sse, sse2, sse3, ssse3, sse4.1, sse4.2, popcnt, lzcnt, tsc, tscinvbit, avx, avx2, aes, erms, clmul, bmi1, bmi2, adx, avx512f, avx512dq, avx512cd, avx512bw, avx512vl, sha, fma, vzeroupper, avx512_vpopcntdq, avx512_vpclmulqdq, avx512_vaes, avx512_vnni, clflush, clflushopt, avx512_vbmi2, avx512_vbmi, hv, rdtscp, rdpid, fsrm, gfni, avx512_bitalg, f16c, avx512_ifma
Processor Information for the first 8 processors :
  Max Mhz: 1201, Current Mhz: 1201, Mhz Limit: 1201

Memory: 4k page, system-wide physical 7930M (1034M free)
TotalPageFile size 25541M (AvailPageFile size 764M)
current process WorkingSet (physical memory assigned to process): 88M, peak: 88M
current process commit charge ("private bytes"): 227M, peak: 227M

vm_info: OpenJDK 64-Bit Server VM (24.0.2+12-54) for windows-amd64 JRE (24.0.2+12-54), built on 2025-07-08T12:10:27Z with MS VC++ 17.6 (VS2022)

END.
